0.000000000000000000e+00 1.047661073813626886e-01
2.040816326530612082e-02 2.241960928906872319e-01
4.081632653061224164e-02 2.887167401799254907e-01
6.122448979591836593e-02 5.800721308345967442e-01
8.163265306122448328e-02 5.913583234011728917e-01
1.020408163265306006e-01 8.492859457518027178e-01
1.224489795918367319e-01 5.900209683852334352e-01
1.428571428571428492e-01 9.973446258831791811e-01
1.632653061224489666e-01 6.032804905565110065e-01
1.836734693877550839e-01 7.071452120129472219e-01
2.040816326530612013e-01 7.779092771291978847e-01
2.244897959183673186e-01 1.306376115141548500e+00
2.448979591836734637e-01 1.534449399503395872e+00
2.653061224489795533e-01 1.164576306674620865e+00
2.857142857142856984e-01 7.105243743682161384e-01
3.061224489795917880e-01 8.488796690908027021e-01
3.265306122448979331e-01 6.768428097244139074e-01
3.469387755102040782e-01 8.634760829151895134e-01
3.673469387755101678e-01 6.948259420973802447e-01
3.877551020408163129e-01 2.543493480662814554e-01
4.081632653061224025e-01 9.466922672415032380e-01
4.285714285714285476e-01 4.513207789280196947e-01
4.489795918367346372e-01 4.342939666879325755e-01
4.693877551020407823e-01 6.794973710196247629e-02
4.897959183673469274e-01 6.418567023017866802e-02
5.102040816326530726e-01 -3.325340413404438422e-01
5.306122448979591066e-01 -8.099716353989899753e-03
5.510204081632652517e-01 -2.405534577357275050e-01
5.714285714285713969e-01 -4.203118511759413312e-01
5.918367346938775420e-01 -5.040734170062075581e-01
6.122448979591835760e-01 -6.031396514767749517e-01
6.326530612244897211e-01 -1.118869309351646191e+00
6.530612244897958663e-01 -8.056577932103058393e-01
6.734693877551020114e-01 -1.265280395664195590e+00
6.938775510204081565e-01 -1.002990585928571932e+00
7.142857142857141906e-01 -8.706071435576132611e-01
7.346938775510203357e-01 -1.016257140204037235e+00
7.551020408163264808e-01 -1.115046744638584331e+00
7.755102040816326259e-01 -7.048420125265071334e-01
7.959183673469386600e-01 -7.106345498735162636e-01
8.163265306122448051e-01 -9.686154124234882534e-01
8.367346938775509502e-01 -7.800165616270613445e-01
8.571428571428570953e-01 -1.038052555088045503e+00
8.775510204081632404e-01 -8.247846220429628783e-01
8.979591836734692745e-01 -3.015967966263106148e-01
9.183673469387754196e-01 -4.663263834923738194e-01
9.387755102040815647e-01 -7.176223738573594968e-01
9.591836734693877098e-01 9.238100952325051241e-02
9.795918367346938549e-01 4.028853906246603889e-01
1.000000000000000000e+00 -3.097326940657005867e-01
