-1.500000000000000000e+01 4.686045723711251831e-02
-1.484924623115577802e+01 -3.668142747032189510e-02
-1.469849246231155782e+01 7.744320992862473163e-02
-1.454773869346733761e+01 3.014763258054404399e-03
-1.439698492462311563e+01 -1.530702338182438615e-01
-1.424623115577889365e+01 -1.166659115299626681e-01
-1.409547738693467345e+01 -6.168060816395549706e-01
-1.394472361809045324e+01 8.842544085477671567e-02
-1.379396984924623126e+01 -5.870095298153343855e-02
-1.364321608040200928e+01 -4.512498904195271221e-01
-1.349246231155778908e+01 -3.876644153955239869e-01
-1.334170854271356887e+01 -5.724935890963229745e-01
-1.319095477386934689e+01 -1.244905760607227518e-02
-1.304020100502512491e+01 -4.224623832516255506e-02
-1.288944723618090471e+01 -1.782962413056569662e-01
-1.273869346733668451e+01 1.456945389336755381e-01
-1.258793969849246253e+01 -7.056430843696118171e-02
-1.243718592964824055e+01 3.724963799629242567e-02
-1.228643216080402034e+01 -2.193056848804344205e-01
-1.213567839195980014e+01 9.082515407809518826e-02
-1.198492462311557816e+01 1.447430654008703688e-01
-1.183417085427135618e+01 -1.045807915108433184e-01
-1.168341708542713597e+01 2.308140355938108068e-01
-1.153266331658291577e+01 -1.472281370964750868e-03
-1.138190954773869379e+01 2.909087817536043508e-02
-1.123115577889447181e+01 1.573468862036958571e-01
-1.108040201005025160e+01 -2.934878988647495746e-01
-1.092964824120603140e+01 -3.376463262487164885e-01
-1.077889447236180942e+01 -3.336817247782181139e-01
-1.062814070351758744e+01 -4.191058132450659057e-02
-1.047738693467336724e+01 -1.937829368090712434e-01
-1.032663316582914703e+01 -5.984962790702479801e-02
-1.017587939698492505e+01 -1.965288019658718299e-01
-1.002512562814070307e+01 2.647673143454635225e-01
-9.874371859296482867e+00 1.122675518982786669e-01
-9.723618090452262663e+00 5.980320239392359349e-01
-9.572864321608040683e+00 -2.392542989018404398e-01
-9.422110552763818703e+00 2.764683378142764880e-01
-9.271356783919598499e+00 2.564676997310650353e-01
-9.120603015075378295e+00 2.671259470293875782e-01
-8.969849246231156314e+00 5.240428409747199812e-01
-8.819095477386934334e+00 2.487057119330735311e-01
-8.668341708542714130e+00 1.415539306809840414e-01
-8.517587939698493926e+00 5.809564889974259128e-01
-8.366834170854271946e+00 4.734464694564305964e-01
-8.216080402010049966e+00 5.675550952254770909e-01
-8.065326633165829762e+00 2.562072678372666057e-01
-7.914572864321608670e+00 3.598191424552169559e-01
-7.763819095477387577e+00 2.822343422359091525e-02
-7.613065326633166485e+00 5.897068138676033744e-01
-7.462311557788945393e+00 3.428987518667307444e-01
-7.311557788944724301e+00 4.769575537863433023e-01
-7.160804020100503209e+00 3.402727006448810765e-02
-7.010050251256282117e+00 7.037063984011469042e-01
-6.859296482412061025e+00 1.195827520957684631e-02
-6.708542713567840821e+00 1.115709954356970540e-01
-6.557788944723618840e+00 -3.360587827270500871e-01
-6.407035175879396860e+00 -6.204784210220196106e-02
-6.256281407035176656e+00 -6.079643123230795698e-01
-6.105527638190956452e+00 -2.371360348808427276e-01
-5.954773869346734472e+00 -8.974171093029303936e-01
-5.804020100502512491e+00 -6.223555332415205976e-01
-5.653266331658292287e+00 -8.757593379024024571e-01
-5.502512562814072083e+00 -1.194404614212354776e+00
-5.351758793969850103e+00 -7.071596979976426667e-01
-5.201005025125628123e+00 -9.987923558757189069e-01
-5.050251256281407919e+00 -9.165112231583751878e-01
-4.899497487437187715e+00 -7.687005489486350429e-01
-4.748743718592965735e+00 -8.111169823232133869e-01
-4.597989949748743754e+00 -5.944077501872604419e-01
-4.447236180904523550e+00 -9.280425799032299139e-01
-4.296482412060303346e+00 -6.168159510319508598e-01
-4.145728643216081366e+00 -9.285914573666043115e-01
-3.994974874371859386e+00 -7.880268438908027973e-01
-3.844221105527639182e+00 -4.387045822974612874e-01
-3.693467336683418978e+00 -2.556731270674777456e-01
-3.542713567839196998e+00 -8.224582636355351473e-02
-3.391959798994975017e+00 -3.027825472816468300e-01
-3.241206030150754813e+00 2.583558613592580322e-01
-3.090452261306534609e+00 9.401158565606955453e-02
-2.939698492462312629e+00 5.538638985714339213e-01
-2.788944723618090649e+00 5.214333670205090199e-01
-2.638190954773870445e+00 8.669010858490870941e-01
-2.487437185929650241e+00 6.702041409066812339e-01
-2.336683417085428260e+00 7.567103503542729204e-01
-2.185929648241206280e+00 1.240419285191978416e+00
-2.035175879396986076e+00 7.663155431524836247e-01
-1.884422110552765872e+00 9.764730761039303042e-01
-1.733668341708543892e+00 9.557434876055870276e-01
-1.582914572864321912e+00 7.592727468937834345e-01
-1.432160804020101708e+00 1.148311873722899445e+00
-1.281407035175881504e+00 5.795127647538580451e-01
-1.130653266331659523e+00 6.646464222064036864e-01
-9.798994974874375430e-01 8.623016232290013905e-01
-8.291457286432173390e-01 4.959726582798453798e-01
-6.783919597989971351e-01 8.878885065596104909e-01
-5.276381909547751548e-01 8.822192359754537083e-01
-3.768844221105531744e-01 6.644859062832201291e-01
-2.261306532663329705e-01 8.470581931969287104e-02
-7.537688442211276652e-02 1.968337932336242657e-01
7.537688442210921380e-02 8.658775544096022903e-02
2.261306532663311941e-01 2.344065195485100367e-02
3.768844221105513981e-01 -2.759198561900181312e-01
5.276381909547716020e-01 -2.884003321152902033e-01
6.783919597989935824e-01 -3.242645916128116257e-01
8.291457286432155627e-01 -3.847069198639573306e-01
9.798994974874357666e-01 -6.155167770908628322e-01
1.130653266331655971e+00 -6.127644279049850873e-01
1.281407035175877951e+00 -8.308315610677561303e-01
1.432160804020099931e+00 -6.294657776892168544e-01
1.582914572864318359e+00 -8.829671680430151159e-01
1.733668341708540339e+00 -6.898108903062852848e-01
1.884422110552762319e+00 -5.407358587290179708e-01
2.035175879396984300e+00 -5.188158086206287045e-01
2.185929648241206280e+00 -7.179811445446633300e-01
2.336683417085424708e+00 -4.935843946579449582e-01
2.487437185929646688e+00 -6.970902478490073051e-01
2.638190954773868668e+00 -3.736768571922945981e-01
2.788944723618087096e+00 -4.088706597317565139e-01
2.939698492462309076e+00 -6.033205689348029033e-01
3.090452261306531057e+00 -2.647142269541331028e-01
3.241206030150753037e+00 -1.334298413619947610e-01
3.391959798994975017e+00 1.022917319954832482e-01
3.542713567839193445e+00 -1.202452155376600718e-01
3.693467336683415425e+00 4.495741512152942043e-01
3.844221105527637405e+00 1.510996080498216293e-02
3.994974874371855833e+00 7.756171206947447272e-02
4.145728643216077813e+00 4.709838089314494769e-01
4.296482412060299794e+00 -1.012223629631694433e-01
4.447236180904521774e+00 1.405755210152584422e-01
4.597989949748743754e+00 3.703679181941640364e-01
4.748743718592962182e+00 2.155980502479667438e-01
4.899497487437184162e+00 -1.096975023115973058e-02
5.050251256281406143e+00 5.797059935787164386e-01
5.201005025125624570e+00 2.465484238084139357e-01
5.351758793969846550e+00 2.858113661038697018e-01
5.502512562814068531e+00 4.583038140169092278e-01
5.653266331658290511e+00 6.149563511116176162e-01
5.804020100502512491e+00 1.500603617911583088e-01
5.954773869346730919e+00 5.075205985364405342e-02
6.105527638190952899e+00 -1.509656680009437979e-01
6.256281407035174880e+00 -1.004675282550354654e-02
6.407035175879393307e+00 1.601065112968989845e-01
6.557788944723615288e+00 -8.922815646444540172e-02
6.708542713567837268e+00 -2.129836027055918013e-01
6.859296482412059248e+00 -2.608137381717829939e-01
7.010050251256281229e+00 6.243401082041610817e-02
7.160804020100499656e+00 -2.520654669499617362e-01
7.311557788944721636e+00 2.994039693564204407e-02
7.462311557788943617e+00 3.303587166204068892e-01
7.613065326633162044e+00 3.787916162822502208e-01
7.763819095477384025e+00 1.608077759707260690e-01
7.914572864321606005e+00 -6.754896044478235495e-02
8.065326633165827985e+00 5.038455072375348787e-02
8.216080402010049966e+00 -2.790471257987224216e-02
8.366834170854268393e+00 -1.511979172447385986e-02
8.517587939698490374e+00 2.030917474252034449e-01
8.668341708542712354e+00 -1.767129570641401415e-01
8.819095477386930781e+00 -6.562609998405424805e-02
8.969849246231152762e+00 -2.185234683545626555e-01
9.120603015075374742e+00 2.248990561746425088e-01
9.271356783919596722e+00 3.474092718167338667e-01
9.422110552763818703e+00 -1.577391141340072911e-01
9.572864321608037130e+00 1.156540349928217304e-01
9.723618090452259111e+00 5.024822105420043705e-01
9.874371859296481091e+00 -3.639545734165274826e-01
1.002512562814069952e+01 2.027901055970517952e-01
1.017587939698492150e+01 1.087899849527393104e-01
1.032663316582914348e+01 -1.880950566659786091e-03
1.047738693467336546e+01 -1.965469854060506172e-01
1.062814070351758744e+01 4.130800626416283317e-01
1.077889447236180587e+01 -1.401262016966136614e-01
1.092964824120602785e+01 1.348179485283899359e-01
1.108040201005024983e+01 3.415300399662332120e-01
1.123115577889446826e+01 3.946859423776303416e-02
1.138190954773869024e+01 1.861915275389390556e-01
1.153266331658291222e+01 4.617705289907553245e-02
1.168341708542713420e+01 1.382520976667131127e-02
1.183417085427135618e+01 -1.160653982300404591e-01
1.198492462311557460e+01 -2.268065842407934740e-01
1.213567839195979658e+01 2.731644978222852460e-01
1.228643216080401857e+01 3.999420797012921969e-01
1.243718592964823699e+01 -1.575350436158698963e-01
1.258793969849245897e+01 -8.078498948809234581e-02
1.273869346733668095e+01 1.176726704637148790e-01
1.288944723618090293e+01 6.229222896676193943e-02
1.304020100502512491e+01 3.426644300303713364e-01
1.319095477386934334e+01 -8.871793484687746922e-02
1.334170854271356532e+01 1.501158174772148912e-01
1.349246231155778730e+01 -1.378601355173652288e-01
1.364321608040200573e+01 -1.781970071959468327e-01
1.379396984924622771e+01 -5.527887141456153119e-02
1.394472361809044969e+01 3.526219964779258031e-01
1.409547738693467167e+01 3.085055331555543456e-01
1.424623115577889365e+01 5.113172229117667750e-02
1.439698492462311208e+01 -1.737813917618439286e-01
1.454773869346733406e+01 4.463655039874421526e-02
1.469849246231155604e+01 1.745500303104760564e-01
1.484924623115577447e+01 3.071898983928015303e-01
1.500000000000000000e+01 -1.321384710762690470e-02
